qualéqualéqualé
qualé
chappellechappellechappellechappelletable: 0x057740a8


chappelletable: 0x05774068


chappelletable: 0x057740b0
chappelletable: 0x057740b0
chappelle: table: 0x057740b0
chappelle: application_middlewares
chappelle: table: 0x0576bb70
chappelle: application_middlewares
chappelle: table: 0x0576e978
chappelle: middleware chain
chappelle: table: 0x057741d0
chappelle: 3
chappelle: application_middlewares
chappelle: table: 0x0576e240
chappelle: middleware chain
chappelle: table: 0x05774208
chappelle: 3
chappelle: should be 2
chappelle: 2
chappelle: application_middlewares
chappelle: table: 0x0576bb70
chappelle: middleware chain
chappelle: table: 0x05774370
chappelle: 3
chappelle: should be 2
chappelle: 2
chappelle: should be function
chappelle: function
chappelle: application_middlewares
chappelle: table: 0x0576bb70
chappelle: middleware chain
chappelle: table: 0x05774370
chappelle: 3
chappelle: should be 2
chappelle: 2
chappelle: should be function
chappelle: function
chappelle: application_middlewares
chappelle: table: 0x0576bb70
chappelle: middleware chain
chappelle: table: 0x05774370
chappelle: 3
chappelle: should be 2
chappelle: 2
chappelle: should be function
chappelle: function
chappelle: application_middlewares
chappelle: table: 0x0576bb70
chappelle: middleware chain
chappelle: table: 0x057743c8
chappelle: 3
chappelle: should be a function
chappelle: function
chappelle: should be 2
chappelle: 2
chappelle: should be function
chappelle: function
chappelle: application_middlewares
chappelle: table: 0x0576bb70
chappelle: middleware chain
chappelle: table: 0x05774228
chappelle: 3
chappelle: should be a function
chappelle: function
chappelle: should be 2
chappelle: 2
chappelle: should be function
chappelle: function
chappelle: application_middlewares
chappelle: table: 0x0576bb70
chappelle: middleware chain
chappelle: table: 0x05774228
chappelle: 3
chappelle: should be a function
chappelle: function
chappelle: should be 2
chappelle: 2
chappelle: should be function
chappelle: function
chappelle: application_middlewares
chappelle: table: 0x0576bd80
chappelle: middleware chain
chappelle: table: 0x05774200
chappelle: 2
chappelle: should be a function
chappelle: function
chappelle: should be 2
chappelle: 2
chappelle: should be function
chappelle: function
chappelle: application_middlewares
chappelle: table: 0x0576b8b8
chappelle: middleware chain
chappelle: table: 0x057741d0
chappelle: 1
chappelle: should be a function
chappelle: function
chappelle: application_middlewares
chappelle: table: 0x0576b8b8
chappelle: middleware chain
chappelle: table: 0x057741d0
chappelle: 1
chappelle: should be a function
chappelle: function
chappelle: application_middlewares
chappelle: table: 0x0576bd80
chappelle: middleware chain
chappelle: table: 0x05774200
chappelle: 2
chappelle: should be a function
chappelle: function
chappelle: should be 2
chappelle: 2
chappelle: should be function
chappelle: function
chappelle: application_middlewares
chappelle: table: 0x0576bd80
chappelle: middleware chain
chappelle: table: 0x05774200
chappelle: 2
chappelle: should be a function
chappelle: function
chappelle: should be 2
chappelle: 2
chappelle: should be function
chappelle: function
chappelle: application_middlewares
chappelle: table: 0x0576bd80
chappelle: middleware chain
chappelle: table: 0x05774200
chappelle: 2
chappelle: should be a function
chappelle: function
chappelle: should be 2
chappelle: 2
chappelle: should be function
chappelle: function
chappelle: application_middlewares
chappelle: table: 0x0576c138
chappelle: middleware chain
chappelle: table: 0x057741e8
chappelle: 2
chappelle: should be a function
chappelle: function
chappelle: should be 2
chappelle: 2
chappelle: should be function
chappelle: function
chappelle: application_middlewares
chappelle: table: 0x0576c138
chappelle: middleware chain
chappelle: table: 0x057741e8
chappelle: 2
chappelle: should be a function
chappelle: function
chappelle: should be 2
chappelle: 2
chappelle: should be function
chappelle: function
chappelle: application_middlewares
chappelle: table: 0x0576c138
chappelle: middleware chain
chappelle: table: 0x057741e8
chappelle: 2
chappelle: should be a function
chappelle: function
chappelle: should be 2
chappelle: 2
chappelle: should be function
chappelle: function
chappelle: application_middlewares
chappelle: table: 0x0576c138
chappelle: middleware chain
chappelle: table: 0x05774300
chappelle: 2
chappelle: should be a function
chappelle: function
chappelle: table: 0x057742b0
chappelle: table: 0x057742d8
chappelle: 
chappelle: application_middlewares
chappelle: table: 0x0576c138
chappelle: middleware chain
chappelle: table: 0x05774300
chappelle: 2
chappelle: should be a function
chappelle: function
chappelle: table: 0x057742b0
chappelle: table: 0x057742d8
chappelle: function: 0x05774498
chappelle: should be 2
chappelle: 2
chappelle: should be function
chappelle: function
chappelle: application_middlewares
chappelle: table: 0x0576c138
chappelle: middleware chain
chappelle: table: 0x05774300
chappelle: 2
chappelle: should be a function
chappelle: function
chappelle: table: 0x057742b0
chappelle: table: 0x057742d8
chappelle: function: 0x05774498
chappelle: should be 2
chappelle: 2
chappelle: should be function
chappelle: function
chappelle: application_middlewares
chappelle: table: 0x0576c138
chappelle: middleware chain
chappelle: table: 0x05774300
chappelle: 2
chappelle: should be a function
chappelle: function
chappelle: table: 0x057742b0
chappelle: table: 0x057742d8
chappelle: function: 0x05774498
chappelle: should be 2
chappelle: 2
chappelle: should be function
chappelle: function
chappelle: application_middlewares
chappelle: table: 0x057691c0
chappelle: middleware chain
chappelle: table: 0x05774330
chappelle: 2
chappelle: should be a function
chappelle: function
chappelle: table: 0x057742e0
chappelle: table: 0x05774308
chappelle: function: 0x057744c8
chappelle: should be 2
chappelle: 2
chappelle: should be function
chappelle: function
chappelle: application_middlewares
chappelle: table: 0x0576b808
chappelle: middleware chain
chappelle: table: 0x05774650
chappelle: 3
chappelle: should be a function
chappelle: function
chappelle: nginx
chappelle: table: 0x05774600
chappelle: table: 0x05774628
chappelle: function: 0x057747f8
chappelle: should be 2
chappelle: 2
chappelle: should be function
chappelle: function
chappelle: application_middlewares
chappelle: table: 0x0576b808
chappelle: middleware chain
chappelle: table: 0x05774650
chappelle: 3
chappelle: should be a function
chappelle: function
chappelle: nginx
chappelle: table: 0x05774600
chappelle: table: 0x05774628
chappelle: function: 0x057747f8
chappelle: should be 2
chappelle: 2
chappelle: should be function
chappelle: function
chappelle: application_middlewares
chappelle: table: 0x0576b808
chappelle: middleware chain
chappelle: table: 0x05774b90
chappelle: 3
chappelle: should be a function
chappelle: function
chappelle: nginx
chappelle: table: 0x05774b40
chappelle: table: 0x05774b68
chappelle: function: 0x05774da0
chappelle: should be 2
chappelle: 2
chappelle: should be function
chappelle: function
chappelle: bodyparser
chappelle: should be 2
chappelle: 3
chappelle: should be function
chappelle: function
chappelle: application_middlewares
chappelle: table: 0x0576b808
chappelle: middleware chain
chappelle: table: 0x05774bb8
chappelle: 3
chappelle: should be a function
chappelle: function
chappelle: nginx
chappelle: table: 0x05774b68
chappelle: table: 0x05774b90
chappelle: function: 0x05774dc8
chappelle: should be 2
chappelle: 2
chappelle: should be function
chappelle: function
chappelle: bodyparser
chappelle: should be 2
chappelle: 3
chappelle: should be function
chappelle: function
chappelle: application_middlewares
chappelle: table: 0x0576b808
chappelle: middleware chain
chappelle: table: 0x05774bb8
chappelle: 3
chappelle: should be a function
chappelle: function
chappelle: nginx
chappelle: table: 0x05774b68
chappelle: table: 0x05774b90
chappelle: function: 0x05774dc8
chappelle: should be 2
chappelle: 2
chappelle: should be function
chappelle: function
chappelle: bodyparser
chappelle: nginx
chappelle: table: 0x413a2368
chappelle: table: 0x413a2390
chappelle: function: 0x413a2410
chappelle: bodyparser
chappelle: socorramme estou numa rota
chappelle: nil
chappelle: nginx
chappelle: table: 0x40ae4368
chappelle: table: 0x40ae4390
chappelle: function: 0x40ae4410
chappelle: bodyparser
chappelle: socorramme estou numa rota
chappelle: nil
chappelle: nginx
chappelle: table: 0x417d0368
chappelle: table: 0x417d0390
chappelle: function: 0x417d0410
chappelle: bodyparser
chappelle: socorramme estou numa rota
chappelle: nil
chappelle: nginx
chappelle: table: 0x404a1368
chappelle: table: 0x404a1390
chappelle: function: 0x404a1410
chappelle: bodyparser
chappelle: socorramme estou numa rota
chappelle: nil
chappelle: nginx
chappelle: table: 0x40e19368
chappelle: table: 0x40e19390
chappelle: function: 0x40e19410
chappelle: bodyparser
chappelle: socorramme estou numa rota
chappelle: nil
chappelle: nginx
chappelle: table: 0x40b55368
chappelle: table: 0x40b55390
chappelle: function: 0x40b55410
chappelle: bodyparser
chappelle: socorramme estou numa rota
chappelle: nil
chappelle: nginx
chappelle: table: 0x41e23368
chappelle: table: 0x41e23390
chappelle: function: 0x41e23410
chappelle: bodyparser
chappelle: socorramme estou numa rota
chappelle: nil
chappelle: nginx
chappelle: table: 0x415c5368
chappelle: table: 0x415c5390
chappelle: function: 0x415c5410
chappelle: bodyparser
chappelle: socorramme estou numa rota
chappelle: nil
chappelle: nginx
chappelle: table: 0x41f86368
chappelle: table: 0x41f86390
chappelle: function: 0x41f86410
chappelle: bodyparser
chappelle: socorramme estou numa rota
chappelle: nil
chappelle: nginx
chappelle: table: 0x40e2b368
chappelle: table: 0x40e2b390
chappelle: function: 0x40e2b410
chappelle: bodyparser
chappelle: socorramme estou numa rota
chappelle: nil
chappelle: nginx
chappelle: table: 0x4115d368
chappelle: table: 0x4115d390
chappelle: function: 0x4115d410
chappelle: bodyparser
chappelle: socorramme estou numa rota
chappelle: nil
chappelle: nginx
chappelle: table: 0x41eab368
chappelle: table: 0x41eab390
chappelle: function: 0x41eab410
chappelle: bodyparser
chappelle: socorramme estou numa rota
chappelle: nil
chappelle: nginx
chappelle: table: 0x41f65368
chappelle: table: 0x41f65390
chappelle: function: 0x41f65410
chappelle: bodyparser
chappelle: socorramme estou numa rota
chappelle: nil
chappelle: nginx
chappelle: table: 0x40953368
chappelle: table: 0x40953390
chappelle: function: 0x40953410
chappelle: bodyparser
chappelle: socorramme estou numa rota
chappelle: nil
chappelle: nginx
chappelle: table: 0x40a4b368
chappelle: table: 0x40a4b390
chappelle: function: 0x40a4b410
chappelle: bodyparser
chappelle: socorramme estou numa rota
chappelle: nil
chappelle: nginx
chappelle: table: 0x412b7368
chappelle: table: 0x412b7390
chappelle: function: 0x412b7410
chappelle: bodyparser
chappelle: socorramme estou numa rota
chappelle: nil
chappelle: nginx
chappelle: table: 0x410ed368
chappelle: table: 0x410ed390
chappelle: function: 0x410ed410
chappelle: bodyparser
chappelle: socorramme estou numa rota
chappelle: nil
chappelle: nginx
chappelle: table: 0x40dcc368
chappelle: table: 0x40dcc390
chappelle: function: 0x40dcc410
chappelle: bodyparser
chappelle: socorramme estou numa rota
chappelle: nil
chappelle: aaa
chappelle: nginx
chappelle: table: 0x41aff558
chappelle: table: 0x41aff580
chappelle: function: 0x41aff600
chappelle: bodyparser
chappelle: socorramme estou numa rota
chappelle: nil
chappelle: aaa
chappelle: nginx
chappelle: table: 0x40a6a558
chappelle: table: 0x40a6a580
chappelle: function: 0x40a6a600
chappelle: bodyparser
chappelle: socorramme estou numa rota
chappelle: nil
chappelle: aaa
chappelle: nginx
chappelle: table: 0x405f8558
chappelle: table: 0x405f8580
chappelle: function: 0x405f8600
chappelle: bodyparser
chappelle: socorramme estou numa rota
chappelle: nil
chappelle: aaa
chappelle: nginx
chappelle: table: 0x415bf558
chappelle: table: 0x415bf580
chappelle: function: 0x415bf600
chappelle: bodyparser
chappelle: socorramme estou numa rota
chappelle: nil
chappelle: aaa
chappelle: nginx
chappelle: table: 0x409d9558
chappelle: table: 0x409d9580
chappelle: function: 0x409d9600
chappelle: bodyparser
chappelle: socorramme estou numa rota
chappelle: nil
chappelle: aaa
chappelle: nginx
chappelle: table: 0x40644558
chappelle: table: 0x40644580
chappelle: function: 0x40644600
chappelle: bodyparser
chappelle: socorramme estou numa rota
chappelle: nil
chappelle: aaa
chappelle: nginx
chappelle: table: 0x40d5a558
chappelle: table: 0x40d5a580
chappelle: function: 0x40d5a600
chappelle: bodyparser
chappelle: socorramme estou numa rota
chappelle: nil
chappelle: aaa
chappelle: nginx
chappelle: table: 0x41ab9558
chappelle: table: 0x41ab9580
chappelle: function: 0x41ab9600
chappelle: bodyparser
chappelle: socorramme estou numa rota
chappelle: nil
chappelle: aaa
chappelle: nginx
chappelle: table: 0x4185a558
chappelle: table: 0x4185a580
chappelle: function: 0x4185a600
chappelle: bodyparser
chappelle: socorramme estou numa rota
chappelle: nil
chappelle: aaa
chappelle: nginx
chappelle: table: 0x410d1558
chappelle: table: 0x410d1580
chappelle: function: 0x410d1600
chappelle: bodyparser
chappelle: socorramme estou numa rota
chappelle: nil
chappelle: aaa
chappelle: nginx
chappelle: table: 0x41a8a580
chappelle: table: 0x41a8a5a8
chappelle: function: 0x41a8a628
chappelle: bodyparser
chappelle: socorramme estou numa rota
chappelle: nil
chappelle: aaa
chappelle: nginx
chappelle: table: 0x41aa2580
chappelle: table: 0x41aa25a8
chappelle: function: 0x41aa2628
chappelle: bodyparser
chappelle: socorramme estou numa rota
chappelle: nil
chappelle: aaa
chappelle: nginx
chappelle: table: 0x4191a558
chappelle: table: 0x4191a580
chappelle: function: 0x4191a600
chappelle: bodyparser
chappelle: socorramme estou numa rota
chappelle: nil
chappelle: aaa
chappelle: nginx
chappelle: table: 0x40228558
chappelle: table: 0x40228580
chappelle: function: 0x40228600
chappelle: bodyparser
chappelle: socorramme estou numa rota
chappelle: nil
chappelle: aaa
chappelle: nginx
chappelle: table: 0x4020f558
chappelle: table: 0x4020f580
chappelle: function: 0x4020f600
chappelle: bodyparser
chappelle: socorramme estou numa rota
chappelle: nil
chappelle: aaa
chappelle: nginx
chappelle: table: 0x40413558
chappelle: table: 0x40413580
chappelle: function: 0x40413600
chappelle: bodyparser
chappelle: socorramme estou numa rota
chappelle: nil
chappelle: aaa
chappelle: nginx
chappelle: table: 0x4109d558
chappelle: table: 0x4109d580
chappelle: function: 0x4109d600
chappelle: bodyparser
chappelle: socorramme estou numa rota
chappelle: nil
chappelle: aaa
chappelle: nginx
chappelle: table: 0x4044f558
chappelle: table: 0x4044f580
chappelle: function: 0x4044f600
chappelle: bodyparser
chappelle: socorramme estou numa rota
chappelle: nil